# JRE version: OpenJDK Runtime Environment Temurin-17.0.3+7 (17.0.3+7) (build 17.0.3+7)
# Java VM: OpenJDK 64-Bit Server VM Temurin-17.0.3+7 (17.0.3+7, mixed mode, tiered, compressed oops, compressed class ptrs, parallel gc, windows-amd64)
GC Precious Log:
 CPUs: 8 total, 8 available
 Memory: 8067M
 Large Page Support: Disabled
 NUMA Support: Disabled
 Compressed Oops: Enabled (32-bit)
 Alignments: Space 512K, Generation 512K, Heap 2M
 Heap Min Capacity: 100M
 Heap Initial Capacity: 100M
 Heap Max Capacity: 1G
 Pre-touch: Disabled
 Parallel Workers: 8
Heap:
 PSYoungGen      total 1536K, used 402K [0x00000000eab00000, 0x00000000ead80000, 0x0000000100000000)
  eden space 1024K, 14% used [0x00000000eab00000,0x00000000eab24a90,0x00000000eac00000)
  from space 512K, 50% used [0x00000000ead00000,0x00000000ead40000,0x00000000ead80000)
  to   space 512K, 0% used [0x00000000eac80000,0x00000000eac80000,0x00000000ead00000)
 ParOldGen       total 121856K, used 104032K [0x00000000c0000000, 0x00000000c7700000, 0x00000000eab00000)
  object space 121856K, 85% used [0x00000000c0000000,0x00000000c6598048,0x00000000c7700000)
 Metaspace       used 73008K, committed 74240K, reserved 1122304K
  class space    used 7725K, committed 8256K, reserved 1048576K
GC Heap History (20 events):
Event: 233.860 GC heap before
{Heap before GC invocations=86 (full 5):
 PSYoungGen      total 1536K, used 1269K [0x00000000eab00000, 0x00000000ead80000, 0x0000000100000000)
  eden space 1024K, 99% used [0x00000000eab00000,0x00000000eabfd740,0x00000000eac00000)
  from space 512K, 50% used [0x00000000ead00000,0x00000000ead40000,0x00000000ead80000)
  to   space 512K, 0% used [0x00000000eac80000,0x00000000eac80000,0x00000000ead00000)
 ParOldGen       total 121856K, used 103022K [0x00000000c0000000, 0x00000000c7700000, 0x00000000eab00000)
  object space 121856K, 84% used [0x00000000c0000000,0x00000000c649bad8,0x00000000c7700000)
 Metaspace       used 71568K, committed 72832K, reserved 1122304K
  class space    used 7542K, committed 8064K, reserved 1048576K
}
Event: 233.861 GC heap after
{Heap after GC invocations=86 (full 5):
 PSYoungGen      total 1536K, used 256K [0x00000000eab00000, 0x00000000ead80000, 0x0000000100000000)
  eden space 1024K, 0% used [0x00000000eab00000,0x00000000eab00000,0x00000000eac00000)
  from space 512K, 50% used [0x00000000eac80000,0x00000000eacc0000,0x00000000ead00000)
  to   space 512K, 0% used [0x00000000ead00000,0x00000000ead00000,0x00000000ead80000)
 ParOldGen       total 121856K, used 103070K [0x00000000c0000000, 0x00000000c7700000, 0x00000000eab00000)
  object space 121856K, 84% used [0x00000000c0000000,0x00000000c64a7ad8,0x00000000c7700000)
 Metaspace       used 71568K, committed 72832K, reserved 1122304K
  class space    used 7542K, committed 8064K, reserved 1048576K
}
Event: 233.951 GC heap before
{Heap before GC invocations=87 (full 5):
 PSYoungGen      total 1536K, used 1280K [0x00000000eab00000, 0x00000000ead80000, 0x0000000100000000)
  eden space 1024K, 100% used [0x00000000eab00000,0x00000000eac00000,0x00000000eac00000)
  from space 512K, 50% used [0x00000000eac80000,0x00000000eacc0000,0x00000000ead00000)
  to   space 512K, 0% used [0x00000000ead00000,0x00000000ead00000,0x00000000ead80000)
 ParOldGen       total 121856K, used 103070K [0x00000000c0000000, 0x00000000c7700000, 0x00000000eab00000)
  object space 121856K, 84% used [0x00000000c0000000,0x00000000c64a7ad8,0x00000000c7700000)
 Metaspace       used 71755K, committed 72960K, reserved 1122304K
  class space    used 7560K, committed 8064K, reserved 1048576K
}
Event: 233.952 GC heap after
{Heap after GC invocations=87 (full 5):
 PSYoungGen      total 1536K, used 256K [0x00000000eab00000, 0x00000000ead80000, 0x0000000100000000)
  eden space 1024K, 0% used [0x00000000eab00000,0x00000000eab00000,0x00000000eac00000)
  from space 512K, 50% used [0x00000000ead00000,0x00000000ead40000,0x00000000ead80000)
  to   space 512K, 0% used [0x00000000eac80000,0x00000000eac80000,0x00000000ead00000)
 ParOldGen       total 121856K, used 103142K [0x00000000c0000000, 0x00000000c7700000, 0x00000000eab00000)
  object space 121856K, 84% used [0x00000000c0000000,0x00000000c64b9ad8,0x00000000c7700000)
 Metaspace       used 71755K, committed 72960K, reserved 1122304K
  class space    used 7560K, committed 8064K, reserved 1048576K
}
Event: 234.074 GC heap before
{Heap before GC invocations=88 (full 5):
 PSYoungGen      total 1536K, used 1279K [0x00000000eab00000, 0x00000000ead80000, 0x0000000100000000)
  eden space 1024K, 99% used [0x00000000eab00000,0x00000000eabfffe0,0x00000000eac00000)
  from space 512K, 50% used [0x00000000ead00000,0x00000000ead40000,0x00000000ead80000)
  to   space 512K, 0% used [0x00000000eac80000,0x00000000eac80000,0x00000000ead00000)
 ParOldGen       total 121856K, used 103142K [0x00000000c0000000, 0x00000000c7700000, 0x00000000eab00000)
  object space 121856K, 84% used [0x00000000c0000000,0x00000000c64b9ad8,0x00000000c7700000)
 Metaspace       used 71917K, committed 73088K, reserved 1122304K
  class space    used 7575K, committed 8064K, reserved 1048576K
}
Event: 234.075 GC heap after
{Heap after GC invocations=88 (full 5):
 PSYoungGen      total 1536K, used 224K [0x00000000eab00000, 0x00000000ead80000, 0x0000000100000000)
  eden space 1024K, 0% used [0x00000000eab00000,0x00000000eab00000,0x00000000eac00000)
  from space 512K, 43% used [0x00000000eac80000,0x00000000eacb8000,0x00000000ead00000)
  to   space 512K, 0% used [0x00000000ead00000,0x00000000ead00000,0x00000000ead80000)
 ParOldGen       total 121856K, used 103182K [0x00000000c0000000, 0x00000000c7700000, 0x00000000eab00000)
  object space 121856K, 84% used [0x00000000c0000000,0x00000000c64c3ad8,0x00000000c7700000)
 Metaspace       used 71917K, committed 73088K, reserved 1122304K
  class space    used 7575K, committed 8064K, reserved 1048576K
}
Event: 234.108 GC heap before
{Heap before GC invocations=89 (full 5):
 PSYoungGen      total 1536K, used 1231K [0x00000000eab00000, 0x00000000ead80000, 0x0000000100000000)
  eden space 1024K, 98% used [0x00000000eab00000,0x00000000eabfbc30,0x00000000eac00000)
  from space 512K, 43% used [0x00000000eac80000,0x00000000eacb8000,0x00000000ead00000)
  to   space 512K, 0% used [0x00000000ead00000,0x00000000ead00000,0x00000000ead80000)
 ParOldGen       total 121856K, used 103182K [0x00000000c0000000, 0x00000000c7700000, 0x00000000eab00000)
  object space 121856K, 84% used [0x00000000c0000000,0x00000000c64c3ad8,0x00000000c7700000)
 Metaspace       used 72056K, committed 73152K, reserved 1122304K
  class space    used 7599K, committed 8064K, reserved 1048576K
}
Event: 234.109 GC heap after
{Heap after GC invocations=89 (full 5):
 PSYoungGen      total 1536K, used 242K [0x00000000eab00000, 0x00000000ead80000, 0x0000000100000000)
  eden space 1024K, 0% used [0x00000000eab00000,0x00000000eab00000,0x00000000eac00000)
  from space 512K, 47% used [0x00000000ead00000,0x00000000ead3cae8,0x00000000ead80000)
  to   space 512K, 0% used [0x00000000eac80000,0x00000000eac80000,0x00000000ead00000)
 ParOldGen       total 121856K, used 103262K [0x00000000c0000000, 0x00000000c7700000, 0x00000000eab00000)
  object space 121856K, 84% used [0x00000000c0000000,0x00000000c64d7ad8,0x00000000c7700000)
 Metaspace       used 72056K, committed 73152K, reserved 1122304K
  class space    used 7599K, committed 8064K, reserved 1048576K
}
Event: 234.129 GC heap before
{Heap before GC invocations=90 (full 5):
 PSYoungGen      total 1536K, used 1266K [0x00000000eab00000, 0x00000000ead80000, 0x0000000100000000)
  eden space 1024K, 100% used [0x00000000eab00000,0x00000000eac00000,0x00000000eac00000)
  from space 512K, 47% used [0x00000000ead00000,0x00000000ead3cae8,0x00000000ead80000)
  to   space 512K, 0% used [0x00000000eac80000,0x00000000eac80000,0x00000000ead00000)
 ParOldGen       total 121856K, used 103262K [0x00000000c0000000, 0x00000000c7700000, 0x00000000eab00000)
  object space 121856K, 84% used [0x00000000c0000000,0x00000000c64d7ad8,0x00000000c7700000)
 Metaspace       used 72290K, committed 73472K, reserved 1122304K
  class space    used 7622K, committed 8128K, reserved 1048576K
}
Event: 234.129 GC heap after
{Heap after GC invocations=90 (full 5):
 PSYoungGen      total 1536K, used 224K [0x00000000eab00000, 0x00000000ead80000, 0x0000000100000000)
  eden space 1024K, 0% used [0x00000000eab00000,0x00000000eab00000,0x00000000eac00000)
  from space 512K, 43% used [0x00000000eac80000,0x00000000eacb8000,0x00000000ead00000)
  to   space 512K, 0% used [0x00000000ead00000,0x00000000ead00000,0x00000000ead80000)
 ParOldGen       total 121856K, used 103318K [0x00000000c0000000, 0x00000000c7700000, 0x00000000eab00000)
  object space 121856K, 84% used [0x00000000c0000000,0x00000000c64e5ad8,0x00000000c7700000)
 Metaspace       used 72290K, committed 73472K, reserved 1122304K
  class space    used 7622K, committed 8128K, reserved 1048576K
}
Event: 234.165 GC heap before
{Heap before GC invocations=91 (full 5):
 PSYoungGen      total 1536K, used 1247K [0x00000000eab00000, 0x00000000ead80000, 0x0000000100000000)
  eden space 1024K, 99% used [0x00000000eab00000,0x00000000eabffff0,0x00000000eac00000)
  from space 512K, 43% used [0x00000000eac80000,0x00000000eacb8000,0x00000000ead00000)
  to   space 512K, 0% used [0x00000000ead00000,0x00000000ead00000,0x00000000ead80000)
 ParOldGen       total 121856K, used 103318K [0x00000000c0000000, 0x00000000c7700000, 0x00000000eab00000)
  object space 121856K, 84% used [0x00000000c0000000,0x00000000c64e5ad8,0x00000000c7700000)
 Metaspace       used 72442K, committed 73600K, reserved 1122304K
  class space    used 7636K, committed 8128K, reserved 1048576K
}
Event: 234.166 GC heap after
{Heap after GC invocations=91 (full 5):
 PSYoungGen      total 1536K, used 224K [0x00000000eab00000, 0x00000000ead80000, 0x0000000100000000)
  eden space 1024K, 0% used [0x00000000eab00000,0x00000000eab00000,0x00000000eac00000)
  from space 512K, 43% used [0x00000000ead00000,0x00000000ead38000,0x00000000ead80000)
  to   space 512K, 0% used [0x00000000eac80000,0x00000000eac80000,0x00000000ead00000)
 ParOldGen       total 121856K, used 103374K [0x00000000c0000000, 0x00000000c7700000, 0x00000000eab00000)
  object space 121856K, 84% used [0x00000000c0000000,0x00000000c64f3ad8,0x00000000c7700000)
 Metaspace       used 72442K, committed 73600K, reserved 1122304K
  class space    used 7636K, committed 8128K, reserved 1048576K
}
Event: 234.186 GC heap before
{Heap before GC invocations=92 (full 5):
 PSYoungGen      total 1536K, used 1247K [0x00000000eab00000, 0x00000000ead80000, 0x0000000100000000)
  eden space 1024K, 99% used [0x00000000eab00000,0x00000000eabffff0,0x00000000eac00000)
  from space 512K, 43% used [0x00000000ead00000,0x00000000ead38000,0x00000000ead80000)
  to   space 512K, 0% used [0x00000000eac80000,0x00000000eac80000,0x00000000ead00000)
 ParOldGen       total 121856K, used 103374K [0x00000000c0000000, 0x00000000c7700000, 0x00000000eab00000)
  object space 121856K, 84% used [0x00000000c0000000,0x00000000c64f3ad8,0x00000000c7700000)
 Metaspace       used 72571K, committed 73728K, reserved 1122304K
  class space    used 7655K, committed 8128K, reserved 1048576K
}
Event: 234.187 GC heap after
{Heap after GC invocations=92 (full 5):
 PSYoungGen      total 1536K, used 256K [0x00000000eab00000, 0x00000000ead80000, 0x0000000100000000)
  eden space 1024K, 0% used [0x00000000eab00000,0x00000000eab00000,0x00000000eac00000)
  from space 512K, 50% used [0x00000000eac80000,0x00000000eacc0000,0x00000000ead00000)
  to   space 512K, 0% used [0x00000000ead00000,0x00000000ead00000,0x00000000ead80000)
 ParOldGen       total 121856K, used 103414K [0x00000000c0000000, 0x00000000c7700000, 0x00000000eab00000)
  object space 121856K, 84% used [0x00000000c0000000,0x00000000c64fdad8,0x00000000c7700000)
 Metaspace       used 72571K, committed 73728K, reserved 1122304K
  class space    used 7655K, committed 8128K, reserved 1048576K
}
Event: 234.266 GC heap before
{Heap before GC invocations=93 (full 5):
 PSYoungGen      total 1536K, used 1280K [0x00000000eab00000, 0x00000000ead80000, 0x0000000100000000)
  eden space 1024K, 100% used [0x00000000eab00000,0x00000000eac00000,0x00000000eac00000)
  from space 512K, 50% used [0x00000000eac80000,0x00000000eacc0000,0x00000000ead00000)
  to   space 512K, 0% used [0x00000000ead00000,0x00000000ead00000,0x00000000ead80000)
 ParOldGen       total 121856K, used 103414K [0x00000000c0000000, 0x00000000c7700000, 0x00000000eab00000)
  object space 121856K, 84% used [0x00000000c0000000,0x00000000c64fdad8,0x00000000c7700000)
 Metaspace       used 72666K, committed 73856K, reserved 1122304K
  class space    used 7670K, committed 8128K, reserved 1048576K
}
Event: 234.267 GC heap after
{Heap after GC invocations=93 (full 5):
 PSYoungGen      total 1536K, used 224K [0x00000000eab00000, 0x00000000ead80000, 0x0000000100000000)
  eden space 1024K, 0% used [0x00000000eab00000,0x00000000eab00000,0x00000000eac00000)
  from space 512K, 43% used [0x00000000ead00000,0x00000000ead38000,0x00000000ead80000)
  to   space 512K, 0% used [0x00000000eac80000,0x00000000eac80000,0x00000000ead00000)
 ParOldGen       total 121856K, used 103478K [0x00000000c0000000, 0x00000000c7700000, 0x00000000eab00000)
  object space 121856K, 84% used [0x00000000c0000000,0x00000000c650dad8,0x00000000c7700000)
 Metaspace       used 72666K, committed 73856K, reserved 1122304K
  class space    used 7670K, committed 8128K, reserved 1048576K
}
Event: 234.367 GC heap before
{Heap before GC invocations=94 (full 5):
 PSYoungGen      total 1536K, used 1248K [0x00000000eab00000, 0x00000000ead80000, 0x0000000100000000)
  eden space 1024K, 100% used [0x00000000eab00000,0x00000000eac00000,0x00000000eac00000)
  from space 512K, 43% used [0x00000000ead00000,0x00000000ead38000,0x00000000ead80000)
  to   space 512K, 0% used [0x00000000eac80000,0x00000000eac80000,0x00000000ead00000)
 ParOldGen       total 121856K, used 103478K [0x00000000c0000000, 0x00000000c7700000, 0x00000000eab00000)
  object space 121856K, 84% used [0x00000000c0000000,0x00000000c650dad8,0x00000000c7700000)
 Metaspace       used 72714K, committed 73920K, reserved 1122304K
  class space    used 7680K, committed 8192K, reserved 1048576K
}
Event: 234.368 GC heap after
{Heap after GC invocations=94 (full 5):
 PSYoungGen      total 1536K, used 288K [0x00000000eab00000, 0x00000000ead80000, 0x0000000100000000)
  eden space 1024K, 0% used [0x00000000eab00000,0x00000000eab00000,0x00000000eac00000)
  from space 512K, 56% used [0x00000000eac80000,0x00000000eacc8000,0x00000000ead00000)
  to   space 512K, 0% used [0x00000000ead00000,0x00000000ead00000,0x00000000ead80000)
 ParOldGen       total 121856K, used 103535K [0x00000000c0000000, 0x00000000c7700000, 0x00000000eab00000)
  object space 121856K, 84% used [0x00000000c0000000,0x00000000c651bd38,0x00000000c7700000)
 Metaspace       used 72714K, committed 73920K, reserved 1122304K
  class space    used 7680K, committed 8192K, reserved 1048576K
}
Event: 234.417 GC heap before
{Heap before GC invocations=95 (full 5):
 PSYoungGen      total 1536K, used 1312K [0x00000000eab00000, 0x00000000ead80000, 0x0000000100000000)
  eden space 1024K, 100% used [0x00000000eab00000,0x00000000eac00000,0x00000000eac00000)
  from space 512K, 56% used [0x00000000eac80000,0x00000000eacc8000,0x00000000ead00000)
  to   space 512K, 0% used [0x00000000ead00000,0x00000000ead00000,0x00000000ead80000)
 ParOldGen       total 121856K, used 103535K [0x00000000c0000000, 0x00000000c7700000, 0x00000000eab00000)
  object space 121856K, 84% used [0x00000000c0000000,0x00000000c651bd38,0x00000000c7700000)
 Metaspace       used 72836K, committed 74048K, reserved 1122304K
  class space    used 7697K, committed 8192K, reserved 1048576K
}
Event: 234.418 GC heap after
{Heap after GC invocations=95 (full 5):
 PSYoungGen      total 1536K, used 256K [0x00000000eab00000, 0x00000000ead80000, 0x0000000100000000)
  eden space 1024K, 0% used [0x00000000eab00000,0x00000000eab00000,0x00000000eac00000)
  from space 512K, 50% used [0x00000000ead00000,0x00000000ead40000,0x00000000ead80000)
  to   space 512K, 0% used [0x00000000eac80000,0x00000000eac80000,0x00000000ead00000)
 ParOldGen       total 121856K, used 103687K [0x00000000c0000000, 0x00000000c7700000, 0x00000000eab00000)
  object space 121856K, 85% used [0x00000000c0000000,0x00000000c6541e68,0x00000000c7700000)
 Metaspace       used 72836K, committed 74048K, reserved 1122304K
  class space    used 7697K, committed 8192K, reserved 1048576K
}

